{"/Users/alex/pomo/cse110-w21-group35/source/breakReminder.js": {"path":"/Users/alex/pomo/cse110-w21-group35/source/breakReminder.js","statementMap":{"0":{"start":{"line":10,"column":21},"end":{"line":14,"column":177}},"1":{"start":{"line":16,"column":21},"end":{"line":16,"column":78}},"2":{"start":{"line":18,"column":4},"end":{"line":18,"column":68}},"3":{"start":{"line":19,"column":4},"end":{"line":19,"column":68}},"4":{"start":{"line":20,"column":4},"end":{"line":20,"column":55}},"5":{"start":{"line":23,"column":4},"end":{"line":51,"column":5}},"6":{"start":{"line":26,"column":12},"end":{"line":26,"column":68}},"7":{"start":{"line":27,"column":12},"end":{"line":27,"column":81}},"8":{"start":{"line":28,"column":12},"end":{"line":28,"column":76}},"9":{"start":{"line":29,"column":12},"end":{"line":29,"column":18}},"10":{"start":{"line":32,"column":12},"end":{"line":32,"column":104}},"11":{"start":{"line":33,"column":12},"end":{"line":33,"column":82}},"12":{"start":{"line":34,"column":12},"end":{"line":34,"column":77}},"13":{"start":{"line":35,"column":11},"end":{"line":35,"column":70}},"14":{"start":{"line":36,"column":12},"end":{"line":36,"column":18}},"15":{"start":{"line":39,"column":12},"end":{"line":39,"column":104}},"16":{"start":{"line":40,"column":12},"end":{"line":40,"column":82}},"17":{"start":{"line":41,"column":12},"end":{"line":41,"column":77}},"18":{"start":{"line":42,"column":12},"end":{"line":42,"column":71}},"19":{"start":{"line":43,"column":12},"end":{"line":43,"column":18}},"20":{"start":{"line":46,"column":12},"end":{"line":46,"column":68}},"21":{"start":{"line":47,"column":12},"end":{"line":47,"column":81}},"22":{"start":{"line":48,"column":12},"end":{"line":48,"column":76}},"23":{"start":{"line":49,"column":12},"end":{"line":49,"column":18}}},"fnMap":{"0":{"name":"breakReminders","decl":{"start":{"line":8,"column":9},"end":{"line":8,"column":23}},"loc":{"start":{"line":8,"column":25},"end":{"line":53,"column":1}},"line":8}},"branchMap":{"0":{"loc":{"start":{"line":23,"column":4},"end":{"line":51,"column":5}},"type":"switch","locations":[{"start":{"line":25,"column":8},"end":{"line":29,"column":18}},{"start":{"line":31,"column":8},"end":{"line":36,"column":18}},{"start":{"line":38,"column":8},"end":{"line":43,"column":18}},{"start":{"line":45,"column":8},"end":{"line":49,"column":18}}],"line":23}},"s":{"0":15,"1":15,"2":15,"3":15,"4":15,"5":15,"6":7,"7":7,"8":7,"9":7,"10":2,"11":2,"12":2,"13":2,"14":2,"15":6,"16":6,"17":6,"18":6,"19":6,"20":0,"21":0,"22":0,"23":0},"f":{"0":15},"b":{"0":[7,2,6,0]},"_coverageSchema":"1a1c01bbd47fc00a2c39e90264f33305004495a9","hash":"507ad34b76180ae742ce2898e62ddbb24a710843"}
,"/Users/alex/pomo/cse110-w21-group35/source/color-change.js": {"path":"/Users/alex/pomo/cse110-w21-group35/source/color-change.js","statementMap":{"0":{"start":{"line":9,"column":2},"end":{"line":30,"column":3}},"1":{"start":{"line":11,"column":6},"end":{"line":11,"column":49}},"2":{"start":{"line":12,"column":6},"end":{"line":12,"column":75}},"3":{"start":{"line":13,"column":6},"end":{"line":13,"column":81}},"4":{"start":{"line":14,"column":6},"end":{"line":14,"column":12}},"5":{"start":{"line":17,"column":6},"end":{"line":17,"column":50}},"6":{"start":{"line":18,"column":6},"end":{"line":18,"column":76}},"7":{"start":{"line":19,"column":6},"end":{"line":19,"column":12}},"8":{"start":{"line":22,"column":6},"end":{"line":22,"column":49}},"9":{"start":{"line":23,"column":6},"end":{"line":23,"column":75}},"10":{"start":{"line":24,"column":6},"end":{"line":24,"column":12}},"11":{"start":{"line":27,"column":6},"end":{"line":27,"column":49}},"12":{"start":{"line":28,"column":6},"end":{"line":28,"column":75}},"13":{"start":{"line":29,"column":6},"end":{"line":29,"column":12}}},"fnMap":{"0":{"name":"colorChange","decl":{"start":{"line":8,"column":9},"end":{"line":8,"column":20}},"loc":{"start":{"line":8,"column":23},"end":{"line":31,"column":1}},"line":8}},"branchMap":{"0":{"loc":{"start":{"line":9,"column":2},"end":{"line":30,"column":3}},"type":"switch","locations":[{"start":{"line":10,"column":4},"end":{"line":14,"column":12}},{"start":{"line":16,"column":4},"end":{"line":19,"column":12}},{"start":{"line":21,"column":4},"end":{"line":24,"column":12}},{"start":{"line":26,"column":4},"end":{"line":29,"column":12}}],"line":9}},"s":{"0":27,"1":15,"2":15,"3":15,"4":15,"5":4,"6":4,"7":4,"8":8,"9":8,"10":8,"11":0,"12":0,"13":0},"f":{"0":27},"b":{"0":[15,4,8,0]},"_coverageSchema":"1a1c01bbd47fc00a2c39e90264f33305004495a9","hash":"910e181222455af81ea49098dfcd162645c52a01"}
,"/Users/alex/pomo/cse110-w21-group35/source/help.js": {"path":"/Users/alex/pomo/cse110-w21-group35/source/help.js","statementMap":{"0":{"start":{"line":7,"column":20},"end":{"line":7,"column":56}},"1":{"start":{"line":8,"column":4},"end":{"line":8,"column":38}},"2":{"start":{"line":9,"column":4},"end":{"line":9,"column":58}},"3":{"start":{"line":18,"column":20},"end":{"line":18,"column":56}},"4":{"start":{"line":19,"column":4},"end":{"line":19,"column":37}},"5":{"start":{"line":20,"column":4},"end":{"line":20,"column":59}}},"fnMap":{"0":{"name":"revealHelp","decl":{"start":{"line":6,"column":9},"end":{"line":6,"column":19}},"loc":{"start":{"line":6,"column":22},"end":{"line":10,"column":1}},"line":6},"1":{"name":"hideHelp","decl":{"start":{"line":17,"column":9},"end":{"line":17,"column":17}},"loc":{"start":{"line":17,"column":20},"end":{"line":21,"column":1}},"line":17}},"branchMap":{},"s":{"0":3,"1":3,"2":3,"3":2,"4":2,"5":2},"f":{"0":3,"1":2},"b":{},"_coverageSchema":"1a1c01bbd47fc00a2c39e90264f33305004495a9","hash":"8717e255aaea28b30f7be95a492d99df070342b6"}
,"/Users/alex/pomo/cse110-w21-group35/source/notifications.js": {"path":"/Users/alex/pomo/cse110-w21-group35/source/notifications.js","statementMap":{"0":{"start":{"line":2,"column":14},"end":{"line":2,"column":57}},"1":{"start":{"line":11,"column":4},"end":{"line":11,"column":17}},"2":{"start":{"line":20,"column":4},"end":{"line":20,"column":17}},"3":{"start":{"line":32,"column":16},"end":{"line":32,"column":28}},"4":{"start":{"line":33,"column":15},"end":{"line":33,"column":186}},"5":{"start":{"line":34,"column":15},"end":{"line":34,"column":17}},"6":{"start":{"line":37,"column":4},"end":{"line":45,"column":5}},"7":{"start":{"line":38,"column":8},"end":{"line":38,"column":74}},"8":{"start":{"line":40,"column":9},"end":{"line":45,"column":5}},"9":{"start":{"line":41,"column":8},"end":{"line":41,"column":75}},"10":{"start":{"line":43,"column":9},"end":{"line":45,"column":5}},"11":{"start":{"line":44,"column":8},"end":{"line":44,"column":64}},"12":{"start":{"line":47,"column":4},"end":{"line":55,"column":5}},"13":{"start":{"line":49,"column":24},"end":{"line":49,"column":60}},"14":{"start":{"line":52,"column":8},"end":{"line":54,"column":17}},"15":{"start":{"line":53,"column":12},"end":{"line":53,"column":30}},"16":{"start":{"line":57,"column":4},"end":{"line":57,"column":16}},"17":{"start":{"line":67,"column":4},"end":{"line":69,"column":5}},"18":{"start":{"line":68,"column":8},"end":{"line":68,"column":21}},"19":{"start":{"line":71,"column":4},"end":{"line":80,"column":5}},"20":{"start":{"line":72,"column":8},"end":{"line":72,"column":20}},"21":{"start":{"line":74,"column":9},"end":{"line":80,"column":5}},"22":{"start":{"line":75,"column":8},"end":{"line":75,"column":41}},"23":{"start":{"line":76,"column":8},"end":{"line":76,"column":39}},"24":{"start":{"line":79,"column":8},"end":{"line":79,"column":21}}},"fnMap":{"0":{"name":"getAlarm","decl":{"start":{"line":10,"column":9},"end":{"line":10,"column":17}},"loc":{"start":{"line":10,"column":19},"end":{"line":12,"column":2}},"line":10},"1":{"name":"playSound","decl":{"start":{"line":19,"column":10},"end":{"line":19,"column":19}},"loc":{"start":{"line":19,"column":21},"end":{"line":21,"column":2}},"line":19},"2":{"name":"showNotif","decl":{"start":{"line":30,"column":9},"end":{"line":30,"column":18}},"loc":{"start":{"line":30,"column":31},"end":{"line":58,"column":1}},"line":30},"3":{"name":"(anonymous_3)","decl":{"start":{"line":52,"column":19},"end":{"line":52,"column":20}},"loc":{"start":{"line":52,"column":25},"end":{"line":54,"column":9}},"line":52},"4":{"name":"getNotificationStatus","decl":{"start":{"line":66,"column":9},"end":{"line":66,"column":30}},"loc":{"start":{"line":66,"column":32},"end":{"line":81,"column":1}},"line":66}},"branchMap":{"0":{"loc":{"start":{"line":37,"column":4},"end":{"line":45,"column":5}},"type":"if","locations":[{"start":{"line":37,"column":4},"end":{"line":45,"column":5}},{"start":{"line":37,"column":4},"end":{"line":45,"column":5}}],"line":37},"1":{"loc":{"start":{"line":40,"column":9},"end":{"line":45,"column":5}},"type":"if","locations":[{"start":{"line":40,"column":9},"end":{"line":45,"column":5}},{"start":{"line":40,"column":9},"end":{"line":45,"column":5}}],"line":40},"2":{"loc":{"start":{"line":43,"column":9},"end":{"line":45,"column":5}},"type":"if","locations":[{"start":{"line":43,"column":9},"end":{"line":45,"column":5}},{"start":{"line":43,"column":9},"end":{"line":45,"column":5}}],"line":43},"3":{"loc":{"start":{"line":47,"column":4},"end":{"line":55,"column":5}},"type":"if","locations":[{"start":{"line":47,"column":4},"end":{"line":55,"column":5}},{"start":{"line":47,"column":4},"end":{"line":55,"column":5}}],"line":47},"4":{"loc":{"start":{"line":67,"column":4},"end":{"line":69,"column":5}},"type":"if","locations":[{"start":{"line":67,"column":4},"end":{"line":69,"column":5}},{"start":{"line":67,"column":4},"end":{"line":69,"column":5}}],"line":67},"5":{"loc":{"start":{"line":71,"column":4},"end":{"line":80,"column":5}},"type":"if","locations":[{"start":{"line":71,"column":4},"end":{"line":80,"column":5}},{"start":{"line":71,"column":4},"end":{"line":80,"column":5}}],"line":71},"6":{"loc":{"start":{"line":74,"column":9},"end":{"line":80,"column":5}},"type":"if","locations":[{"start":{"line":74,"column":9},"end":{"line":80,"column":5}},{"start":{"line":74,"column":9},"end":{"line":80,"column":5}}],"line":74}},"s":{"0":5,"1":2,"2":0,"3":3,"4":3,"5":3,"6":3,"7":1,"8":2,"9":1,"10":1,"11":1,"12":3,"13":0,"14":0,"15":0,"16":3,"17":7,"18":3,"19":4,"20":2,"21":2,"22":1,"23":1,"24":1},"f":{"0":2,"1":0,"2":3,"3":0,"4":7},"b":{"0":[1,2],"1":[1,1],"2":[1,0],"3":[0,3],"4":[3,4],"5":[2,2],"6":[1,1]},"_coverageSchema":"1a1c01bbd47fc00a2c39e90264f33305004495a9","hash":"3ff586388bcb39e7dc11d5ea0cc0c52b451e307c"}
,"/Users/alex/pomo/cse110-w21-group35/source/progress-bar.js": {"path":"/Users/alex/pomo/cse110-w21-group35/source/progress-bar.js","statementMap":{"0":{"start":{"line":3,"column":15},"end":{"line":3,"column":50}},"1":{"start":{"line":5,"column":14},"end":{"line":5,"column":50}},"2":{"start":{"line":8,"column":22},"end":{"line":8,"column":23}},"3":{"start":{"line":16,"column":2},"end":{"line":16,"column":20}},"4":{"start":{"line":17,"column":2},"end":{"line":17,"column":11}},"5":{"start":{"line":18,"column":2},"end":{"line":20,"column":3}},"6":{"start":{"line":19,"column":4},"end":{"line":19,"column":12}},"7":{"start":{"line":29,"column":2},"end":{"line":33,"column":5}},"8":{"start":{"line":30,"column":4},"end":{"line":32,"column":5}},"9":{"start":{"line":31,"column":6},"end":{"line":31,"column":39}},"10":{"start":{"line":42,"column":2},"end":{"line":44,"column":5}},"11":{"start":{"line":43,"column":4},"end":{"line":43,"column":40}},"12":{"start":{"line":45,"column":2},"end":{"line":45,"column":22}}},"fnMap":{"0":{"name":"progressBar","decl":{"start":{"line":15,"column":9},"end":{"line":15,"column":20}},"loc":{"start":{"line":15,"column":23},"end":{"line":21,"column":1}},"line":15},"1":{"name":"update","decl":{"start":{"line":28,"column":9},"end":{"line":28,"column":15}},"loc":{"start":{"line":28,"column":18},"end":{"line":34,"column":1}},"line":28},"2":{"name":"(anonymous_2)","decl":{"start":{"line":29,"column":18},"end":{"line":29,"column":19}},"loc":{"start":{"line":29,"column":34},"end":{"line":33,"column":3}},"line":29},"3":{"name":"reset","decl":{"start":{"line":41,"column":9},"end":{"line":41,"column":14}},"loc":{"start":{"line":41,"column":17},"end":{"line":46,"column":1}},"line":41},"4":{"name":"(anonymous_4)","decl":{"start":{"line":42,"column":18},"end":{"line":42,"column":19}},"loc":{"start":{"line":42,"column":30},"end":{"line":44,"column":3}},"line":42}},"branchMap":{"0":{"loc":{"start":{"line":18,"column":2},"end":{"line":20,"column":3}},"type":"if","locations":[{"start":{"line":18,"column":2},"end":{"line":20,"column":3}},{"start":{"line":18,"column":2},"end":{"line":20,"column":3}}],"line":18},"1":{"loc":{"start":{"line":30,"column":4},"end":{"line":32,"column":5}},"type":"if","locations":[{"start":{"line":30,"column":4},"end":{"line":32,"column":5}},{"start":{"line":30,"column":4},"end":{"line":32,"column":5}}],"line":30}},"s":{"0":3,"1":3,"2":3,"3":15,"4":15,"5":15,"6":0,"7":15,"8":0,"9":0,"10":1,"11":0,"12":1},"f":{"0":15,"1":15,"2":0,"3":1,"4":0},"b":{"0":[0,15],"1":[0,0]},"_coverageSchema":"1a1c01bbd47fc00a2c39e90264f33305004495a9","hash":"57c8591f96646e32dc222e057cbefe096bc665b2"}
,"/Users/alex/pomo/cse110-w21-group35/source/timer.js": {"path":"/Users/alex/pomo/cse110-w21-group35/source/timer.js","statementMap":{"0":{"start":{"line":8,"column":16},"end":{"line":8,"column":18}},"1":{"start":{"line":10,"column":17},"end":{"line":10,"column":18}},"2":{"start":{"line":12,"column":16},"end":{"line":12,"column":18}},"3":{"start":{"line":16,"column":17},"end":{"line":16,"column":29}},"4":{"start":{"line":18,"column":18},"end":{"line":18,"column":37}},"5":{"start":{"line":20,"column":17},"end":{"line":20,"column":35}},"6":{"start":{"line":24,"column":9},"end":{"line":24,"column":13}},"7":{"start":{"line":26,"column":14},"end":{"line":26,"column":16}},"8":{"start":{"line":30,"column":16},"end":{"line":30,"column":17}},"9":{"start":{"line":32,"column":15},"end":{"line":32,"column":16}},"10":{"start":{"line":54,"column":12},"end":{"line":67,"column":1}},"11":{"start":{"line":76,"column":4},"end":{"line":106,"column":5}},"12":{"start":{"line":77,"column":8},"end":{"line":77,"column":37}},"13":{"start":{"line":78,"column":8},"end":{"line":78,"column":49}},"14":{"start":{"line":79,"column":8},"end":{"line":79,"column":64}},"15":{"start":{"line":80,"column":8},"end":{"line":80,"column":78}},"16":{"start":{"line":84,"column":8},"end":{"line":105,"column":9}},"17":{"start":{"line":85,"column":12},"end":{"line":85,"column":41}},"18":{"start":{"line":86,"column":12},"end":{"line":86,"column":53}},"19":{"start":{"line":87,"column":12},"end":{"line":87,"column":68}},"20":{"start":{"line":88,"column":12},"end":{"line":89,"column":34}},"21":{"start":{"line":90,"column":12},"end":{"line":90,"column":67}},"22":{"start":{"line":94,"column":12},"end":{"line":94,"column":42}},"23":{"start":{"line":95,"column":12},"end":{"line":95,"column":54}},"24":{"start":{"line":96,"column":12},"end":{"line":96,"column":69}},"25":{"start":{"line":97,"column":12},"end":{"line":98,"column":35}},"26":{"start":{"line":100,"column":12},"end":{"line":103,"column":13}},"27":{"start":{"line":101,"column":27},"end":{"line":101,"column":76}},"28":{"start":{"line":102,"column":16},"end":{"line":102,"column":79}},"29":{"start":{"line":104,"column":12},"end":{"line":104,"column":67}},"30":{"start":{"line":107,"column":4},"end":{"line":107,"column":18}},"31":{"start":{"line":117,"column":4},"end":{"line":146,"column":5}},"32":{"start":{"line":119,"column":8},"end":{"line":136,"column":9}},"33":{"start":{"line":120,"column":12},"end":{"line":120,"column":41}},"34":{"start":{"line":121,"column":12},"end":{"line":121,"column":68}},"35":{"start":{"line":122,"column":12},"end":{"line":123,"column":34}},"36":{"start":{"line":127,"column":12},"end":{"line":127,"column":42}},"37":{"start":{"line":128,"column":12},"end":{"line":128,"column":69}},"38":{"start":{"line":129,"column":12},"end":{"line":130,"column":35}},"39":{"start":{"line":131,"column":23},"end":{"line":131,"column":72}},"40":{"start":{"line":132,"column":12},"end":{"line":135,"column":13}},"41":{"start":{"line":133,"column":16},"end":{"line":133,"column":34}},"42":{"start":{"line":134,"column":16},"end":{"line":134,"column":73}},"43":{"start":{"line":137,"column":8},"end":{"line":137,"column":63}},"44":{"start":{"line":142,"column":8},"end":{"line":142,"column":37}},"45":{"start":{"line":143,"column":8},"end":{"line":143,"column":64}},"46":{"start":{"line":144,"column":8},"end":{"line":144,"column":78}},"47":{"start":{"line":145,"column":8},"end":{"line":145,"column":63}},"48":{"start":{"line":147,"column":4},"end":{"line":147,"column":18}},"49":{"start":{"line":148,"column":4},"end":{"line":148,"column":21}},"50":{"start":{"line":149,"column":4},"end":{"line":149,"column":18}},"51":{"start":{"line":159,"column":16},"end":{"line":159,"column":26}},"52":{"start":{"line":171,"column":8},"end":{"line":171,"column":60}},"53":{"start":{"line":174,"column":8},"end":{"line":174,"column":39}},"54":{"start":{"line":175,"column":8},"end":{"line":175,"column":39}},"55":{"start":{"line":178,"column":8},"end":{"line":178,"column":57}},"56":{"start":{"line":179,"column":8},"end":{"line":179,"column":57}},"57":{"start":{"line":181,"column":8},"end":{"line":182,"column":36}},"58":{"start":{"line":185,"column":8},"end":{"line":211,"column":9}},"59":{"start":{"line":186,"column":12},"end":{"line":186,"column":35}},"60":{"start":{"line":189,"column":12},"end":{"line":199,"column":13}},"61":{"start":{"line":190,"column":16},"end":{"line":190,"column":39}},"62":{"start":{"line":191,"column":16},"end":{"line":192,"column":41}},"63":{"start":{"line":194,"column":16},"end":{"line":194,"column":43}},"64":{"start":{"line":195,"column":16},"end":{"line":196,"column":45}},"65":{"start":{"line":198,"column":16},"end":{"line":198,"column":83}},"66":{"start":{"line":202,"column":12},"end":{"line":202,"column":68}},"67":{"start":{"line":203,"column":12},"end":{"line":203,"column":37}},"68":{"start":{"line":206,"column":12},"end":{"line":206,"column":26}},"69":{"start":{"line":207,"column":12},"end":{"line":207,"column":39}},"70":{"start":{"line":208,"column":12},"end":{"line":210,"column":13}},"71":{"start":{"line":209,"column":16},"end":{"line":209,"column":28}},"72":{"start":{"line":212,"column":8},"end":{"line":216,"column":9}},"73":{"start":{"line":215,"column":12},"end":{"line":215,"column":38}},"74":{"start":{"line":219,"column":4},"end":{"line":219,"column":21}},"75":{"start":{"line":220,"column":4},"end":{"line":220,"column":46}},"76":{"start":{"line":228,"column":16},"end":{"line":228,"column":51}},"77":{"start":{"line":229,"column":17},"end":{"line":229,"column":58}},"78":{"start":{"line":230,"column":17},"end":{"line":230,"column":57}},"79":{"start":{"line":231,"column":18},"end":{"line":231,"column":52}},"80":{"start":{"line":234,"column":4},"end":{"line":245,"column":5}},"81":{"start":{"line":237,"column":12},"end":{"line":237,"column":82}},"82":{"start":{"line":238,"column":12},"end":{"line":238,"column":44}},"83":{"start":{"line":241,"column":12},"end":{"line":241,"column":47}},"84":{"start":{"line":242,"column":12},"end":{"line":242,"column":49}},"85":{"start":{"line":243,"column":12},"end":{"line":243,"column":48}},"86":{"start":{"line":244,"column":12},"end":{"line":244,"column":19}},"87":{"start":{"line":247,"column":4},"end":{"line":247,"column":35}},"88":{"start":{"line":250,"column":4},"end":{"line":250,"column":56}},"89":{"start":{"line":251,"column":4},"end":{"line":251,"column":74}},"90":{"start":{"line":252,"column":4},"end":{"line":252,"column":59}},"91":{"start":{"line":253,"column":4},"end":{"line":253,"column":58}},"92":{"start":{"line":262,"column":4},"end":{"line":262,"column":28}},"93":{"start":{"line":263,"column":4},"end":{"line":263,"column":65}},"94":{"start":{"line":266,"column":4},"end":{"line":266,"column":112}},"95":{"start":{"line":267,"column":4},"end":{"line":267,"column":63}},"96":{"start":{"line":269,"column":4},"end":{"line":269,"column":59}},"97":{"start":{"line":270,"column":4},"end":{"line":270,"column":60}},"98":{"start":{"line":272,"column":4},"end":{"line":272,"column":17}},"99":{"start":{"line":273,"column":4},"end":{"line":273,"column":36}},"100":{"start":{"line":282,"column":4},"end":{"line":282,"column":59}},"101":{"start":{"line":283,"column":4},"end":{"line":283,"column":60}},"102":{"start":{"line":284,"column":4},"end":{"line":284,"column":62}},"103":{"start":{"line":285,"column":4},"end":{"line":285,"column":71}},"104":{"start":{"line":286,"column":4},"end":{"line":286,"column":29}},"105":{"start":{"line":287,"column":4},"end":{"line":288,"column":41}},"106":{"start":{"line":289,"column":4},"end":{"line":289,"column":27}},"107":{"start":{"line":290,"column":4},"end":{"line":290,"column":17}},"108":{"start":{"line":299,"column":24},"end":{"line":299,"column":64}},"109":{"start":{"line":300,"column":4},"end":{"line":300,"column":42}},"110":{"start":{"line":301,"column":22},"end":{"line":301,"column":63}},"111":{"start":{"line":302,"column":4},"end":{"line":302,"column":32}},"112":{"start":{"line":310,"column":24},"end":{"line":310,"column":64}},"113":{"start":{"line":311,"column":4},"end":{"line":311,"column":41}},"114":{"start":{"line":312,"column":4},"end":{"line":314,"column":5}},"115":{"start":{"line":313,"column":8},"end":{"line":313,"column":66}},"116":{"start":{"line":315,"column":4},"end":{"line":315,"column":63}},"117":{"start":{"line":325,"column":4},"end":{"line":338,"column":5}},"118":{"start":{"line":326,"column":8},"end":{"line":337,"column":9}},"119":{"start":{"line":328,"column":12},"end":{"line":336,"column":13}},"120":{"start":{"line":329,"column":16},"end":{"line":329,"column":26}},"121":{"start":{"line":333,"column":16},"end":{"line":335,"column":17}},"122":{"start":{"line":334,"column":20},"end":{"line":334,"column":30}}},"fnMap":{"0":{"name":"checkState","decl":{"start":{"line":74,"column":9},"end":{"line":74,"column":19}},"loc":{"start":{"line":74,"column":22},"end":{"line":108,"column":1}},"line":74},"1":{"name":"updateState","decl":{"start":{"line":115,"column":9},"end":{"line":115,"column":20}},"loc":{"start":{"line":115,"column":23},"end":{"line":150,"column":1}},"line":115},"2":{"name":"updateTimer","decl":{"start":{"line":158,"column":9},"end":{"line":158,"column":20}},"loc":{"start":{"line":158,"column":31},"end":{"line":221,"column":1}},"line":158},"3":{"name":"timerCountdown","decl":{"start":{"line":169,"column":13},"end":{"line":169,"column":27}},"loc":{"start":{"line":169,"column":30},"end":{"line":217,"column":5}},"line":169},"4":{"name":"setCustomTime","decl":{"start":{"line":227,"column":9},"end":{"line":227,"column":22}},"loc":{"start":{"line":227,"column":25},"end":{"line":254,"column":1}},"line":227},"5":{"name":"onStart","decl":{"start":{"line":261,"column":9},"end":{"line":261,"column":16}},"loc":{"start":{"line":261,"column":19},"end":{"line":274,"column":1}},"line":261},"6":{"name":"onReset","decl":{"start":{"line":281,"column":9},"end":{"line":281,"column":16}},"loc":{"start":{"line":281,"column":19},"end":{"line":291,"column":1}},"line":281},"7":{"name":"revealSettings","decl":{"start":{"line":298,"column":9},"end":{"line":298,"column":23}},"loc":{"start":{"line":298,"column":26},"end":{"line":303,"column":1}},"line":298},"8":{"name":"hideSettings","decl":{"start":{"line":309,"column":9},"end":{"line":309,"column":21}},"loc":{"start":{"line":309,"column":24},"end":{"line":316,"column":1}},"line":309},"9":{"name":"keyboardShortcut","decl":{"start":{"line":324,"column":9},"end":{"line":324,"column":25}},"loc":{"start":{"line":324,"column":33},"end":{"line":339,"column":1}},"line":324}},"branchMap":{"0":{"loc":{"start":{"line":76,"column":4},"end":{"line":106,"column":5}},"type":"if","locations":[{"start":{"line":76,"column":4},"end":{"line":106,"column":5}},{"start":{"line":76,"column":4},"end":{"line":106,"column":5}}],"line":76},"1":{"loc":{"start":{"line":84,"column":8},"end":{"line":105,"column":9}},"type":"if","locations":[{"start":{"line":84,"column":8},"end":{"line":105,"column":9}},{"start":{"line":84,"column":8},"end":{"line":105,"column":9}}],"line":84},"2":{"loc":{"start":{"line":100,"column":12},"end":{"line":103,"column":13}},"type":"if","locations":[{"start":{"line":100,"column":12},"end":{"line":103,"column":13}},{"start":{"line":100,"column":12},"end":{"line":103,"column":13}}],"line":100},"3":{"loc":{"start":{"line":117,"column":4},"end":{"line":146,"column":5}},"type":"if","locations":[{"start":{"line":117,"column":4},"end":{"line":146,"column":5}},{"start":{"line":117,"column":4},"end":{"line":146,"column":5}}],"line":117},"4":{"loc":{"start":{"line":119,"column":8},"end":{"line":136,"column":9}},"type":"if","locations":[{"start":{"line":119,"column":8},"end":{"line":136,"column":9}},{"start":{"line":119,"column":8},"end":{"line":136,"column":9}}],"line":119},"5":{"loc":{"start":{"line":132,"column":12},"end":{"line":135,"column":13}},"type":"if","locations":[{"start":{"line":132,"column":12},"end":{"line":135,"column":13}},{"start":{"line":132,"column":12},"end":{"line":135,"column":13}}],"line":132},"6":{"loc":{"start":{"line":178,"column":18},"end":{"line":178,"column":56}},"type":"cond-expr","locations":[{"start":{"line":178,"column":33},"end":{"line":178,"column":46}},{"start":{"line":178,"column":49},"end":{"line":178,"column":56}}],"line":178},"7":{"loc":{"start":{"line":179,"column":18},"end":{"line":179,"column":56}},"type":"cond-expr","locations":[{"start":{"line":179,"column":33},"end":{"line":179,"column":46}},{"start":{"line":179,"column":49},"end":{"line":179,"column":56}}],"line":179},"8":{"loc":{"start":{"line":185,"column":8},"end":{"line":211,"column":9}},"type":"if","locations":[{"start":{"line":185,"column":8},"end":{"line":211,"column":9}},{"start":{"line":185,"column":8},"end":{"line":211,"column":9}}],"line":185},"9":{"loc":{"start":{"line":185,"column":11},"end":{"line":185,"column":39}},"type":"binary-expr","locations":[{"start":{"line":185,"column":11},"end":{"line":185,"column":23}},{"start":{"line":185,"column":27},"end":{"line":185,"column":39}}],"line":185},"10":{"loc":{"start":{"line":189,"column":12},"end":{"line":199,"column":13}},"type":"if","locations":[{"start":{"line":189,"column":12},"end":{"line":199,"column":13}},{"start":{"line":189,"column":12},"end":{"line":199,"column":13}}],"line":189},"11":{"loc":{"start":{"line":208,"column":12},"end":{"line":210,"column":13}},"type":"if","locations":[{"start":{"line":208,"column":12},"end":{"line":210,"column":13}},{"start":{"line":208,"column":12},"end":{"line":210,"column":13}}],"line":208},"12":{"loc":{"start":{"line":212,"column":8},"end":{"line":216,"column":9}},"type":"if","locations":[{"start":{"line":212,"column":8},"end":{"line":216,"column":9}},{"start":{"line":212,"column":8},"end":{"line":216,"column":9}}],"line":212},"13":{"loc":{"start":{"line":234,"column":4},"end":{"line":245,"column":5}},"type":"if","locations":[{"start":{"line":234,"column":4},"end":{"line":245,"column":5}},{"start":{"line":234,"column":4},"end":{"line":245,"column":5}}],"line":234},"14":{"loc":{"start":{"line":234,"column":7},"end":{"line":235,"column":108}},"type":"binary-expr","locations":[{"start":{"line":234,"column":7},"end":{"line":234,"column":107}},{"start":{"line":235,"column":8},"end":{"line":235,"column":108}}],"line":234},"15":{"loc":{"start":{"line":312,"column":4},"end":{"line":314,"column":5}},"type":"if","locations":[{"start":{"line":312,"column":4},"end":{"line":314,"column":5}},{"start":{"line":312,"column":4},"end":{"line":314,"column":5}}],"line":312},"16":{"loc":{"start":{"line":325,"column":4},"end":{"line":338,"column":5}},"type":"if","locations":[{"start":{"line":325,"column":4},"end":{"line":338,"column":5}},{"start":{"line":325,"column":4},"end":{"line":338,"column":5}}],"line":325},"17":{"loc":{"start":{"line":326,"column":8},"end":{"line":337,"column":9}},"type":"if","locations":[{"start":{"line":326,"column":8},"end":{"line":337,"column":9}},{"start":{"line":326,"column":8},"end":{"line":337,"column":9}}],"line":326},"18":{"loc":{"start":{"line":328,"column":12},"end":{"line":336,"column":13}},"type":"if","locations":[{"start":{"line":328,"column":12},"end":{"line":336,"column":13}},{"start":{"line":328,"column":12},"end":{"line":336,"column":13}}],"line":328},"19":{"loc":{"start":{"line":333,"column":16},"end":{"line":335,"column":17}},"type":"if","locations":[{"start":{"line":333,"column":16},"end":{"line":335,"column":17}},{"start":{"line":333,"column":16},"end":{"line":335,"column":17}}],"line":333}},"s":{"0":3,"1":3,"2":3,"3":3,"4":3,"5":3,"6":3,"7":3,"8":3,"9":3,"10":3,"11":9,"12":7,"13":7,"14":7,"15":7,"16":2,"17":1,"18":1,"19":1,"20":1,"21":1,"22":1,"23":1,"24":1,"25":1,"26":1,"27":1,"28":1,"29":1,"30":9,"31":15,"32":8,"33":6,"34":6,"35":6,"36":2,"37":2,"38":2,"39":2,"40":2,"41":2,"42":2,"43":8,"44":7,"45":7,"46":7,"47":7,"48":15,"49":15,"50":15,"51":3,"52":3,"53":3,"54":3,"55":3,"56":3,"57":3,"58":3,"59":0,"60":0,"61":0,"62":0,"63":0,"64":0,"65":0,"66":0,"67":0,"68":0,"69":0,"70":0,"71":0,"72":3,"73":0,"74":3,"75":3,"76":1,"77":1,"78":1,"79":1,"80":1,"81":0,"82":0,"83":0,"84":0,"85":0,"86":0,"87":1,"88":1,"89":1,"90":1,"91":1,"92":3,"93":3,"94":3,"95":3,"96":3,"97":3,"98":3,"99":3,"100":3,"101":3,"102":3,"103":3,"104":3,"105":3,"106":3,"107":3,"108":3,"109":3,"110":3,"111":3,"112":2,"113":2,"114":2,"115":0,"116":2,"117":0,"118":0,"119":0,"120":0,"121":0,"122":0},"f":{"0":9,"1":15,"2":3,"3":3,"4":1,"5":3,"6":3,"7":3,"8":2,"9":0},"b":{"0":[7,2],"1":[1,1],"2":[1,0],"3":[8,7],"4":[6,2],"5":[2,0],"6":[0,3],"7":[3,0],"8":[0,3],"9":[3,0],"10":[0,0],"11":[0,0],"12":[0,3],"13":[0,1],"14":[1,1],"15":[0,2],"16":[0,0],"17":[0,0],"18":[0,0],"19":[0,0]},"_coverageSchema":"1a1c01bbd47fc00a2c39e90264f33305004495a9","hash":"0c40e73a96d065da88d7938485cf44553c93f7ed"}
}
