{"/Users/keskinmbaha/Desktop/All/T5/UCSD/2022-Spring/CSE112/Project/cse112-sp22-group5/source/modules/help.js": {"path":"/Users/keskinmbaha/Desktop/All/T5/UCSD/2022-Spring/CSE112/Project/cse112-sp22-group5/source/modules/help.js","statementMap":{"0":{"start":{"line":7,"column":20},"end":{"line":7,"column":57}},"1":{"start":{"line":8,"column":4},"end":{"line":8,"column":38}},"2":{"start":{"line":9,"column":4},"end":{"line":9,"column":59}},"3":{"start":{"line":18,"column":20},"end":{"line":18,"column":57}},"4":{"start":{"line":19,"column":4},"end":{"line":19,"column":37}},"5":{"start":{"line":20,"column":4},"end":{"line":20,"column":60}}},"fnMap":{"0":{"name":"revealHelp","decl":{"start":{"line":6,"column":9},"end":{"line":6,"column":19}},"loc":{"start":{"line":6,"column":22},"end":{"line":10,"column":1}},"line":6},"1":{"name":"hideHelp","decl":{"start":{"line":17,"column":9},"end":{"line":17,"column":17}},"loc":{"start":{"line":17,"column":20},"end":{"line":21,"column":1}},"line":17}},"branchMap":{},"s":{"0":3,"1":3,"2":3,"3":2,"4":2,"5":2},"f":{"0":3,"1":2},"b":{},"_coverageSchema":"1a1c01bbd47fc00a2c39e90264f33305004495a9","hash":"d3fd792576e1ac8280f66ec824b4272ca44e0747"}
}
